<?xml version="1.0" encoding="UTF-8"?>
<!-- Generated by org.testng.reporters.JUnitReportReporter -->
<testsuite hostname="ak1" failures="0" tests="1" name="CSTech_Infosolutions_Assignment.CSTech_Infosolutions.FullSetUpTest" time="3.940" errors="0" timestamp="2025-03-31T21:00:12 IST" skipped="0">
  <testcase classname="CSTech_Infosolutions_Assignment.CSTech_Infosolutions.FullSetUpTest" name="UserLogin" time="3.940"/>
  <system-out/>
</testsuite> <!-- CSTech_Infosolutions_Assignment.CSTech_Infosolutions.FullSetUpTest -->
