<?xml version="1.0" encoding="UTF-8"?>
<!-- Generated by org.testng.reporters.JUnitReportReporter -->
<testsuite hostname="ak1" failures="0" tests="2" name="CSTech_Infosolutions_Assignment.CSTech_Infosolutions.FullSetUpTest" time="63.086" errors="0" timestamp="2025-04-04T09:51:48 IST" skipped="0">
  <testcase classname="CSTech_Infosolutions_Assignment.CSTech_Infosolutions.FullSetUpTest" name="userLogin" time="20.176"/>
  <system-out/>
  <testcase classname="CSTech_Infosolutions_Assignment.CSTech_Infosolutions.FullSetUpTest" name="testFlow" time="42.910"/>
  <system-out/>
</testsuite> <!-- CSTech_Infosolutions_Assignment.CSTech_Infosolutions.FullSetUpTest -->
